<?xml version="1.0" encoding="UTF-8"?>
<!-- Generated by org.testng.reporters.JUnitXMLReporter -->
<testsuite ignored="4" hostname="LAPTOP-ICDOLB46" failures="0" tests="1" name="Car Loan" time="0.016" errors="0" timestamp="2025-01-30T15:56:05 IST">
  <testcase classname="TEST.Test3" name="WebloginCar" time="0.004"/>
  <testcase classname="TEST.Test3" name="APILoginCar" time="0.0">
    <ignored/>
  </testcase> <!-- APILoginCar -->
  <testcase classname="TEST.Test3" name="MobileinCar" time="0.0">
    <ignored/>
  </testcase> <!-- MobileinCar -->
  <testcase classname="TEST.Test3" name="MobileLogCar" time="0.0">
    <ignored/>
  </testcase> <!-- MobileLogCar -->
  <testcase classname="TEST.Test3" name="MobileLoginCar" time="0.0">
    <ignored/>
  </testcase> <!-- MobileLoginCar -->
</testsuite> <!-- Car Loan -->
