<?xml version="1.0" encoding="UTF-8"?>
<!-- Generated by org.testng.reporters.JUnitXMLReporter -->
<testsuite ignored="1" hostname="LAPTOP-ICDOLB46" failures="0" tests="5" name="Personal" time="0.183" errors="0" timestamp="2025-01-30T15:56:05 IST">
  <testcase classname="TEST.Test1" name="Demo" time="0.011"/>
  <testcase classname="TEST.Test2" name="PLoan" time="0.007"/>
  <testcase classname="TEST.Test4" name="LoginApiHome" time="0.001"/>
  <testcase classname="TEST.Test4" name="MobileLoginHome" time="0.003"/>
  <testcase classname="TEST.Test4" name="WebloginHome" time="0.007"/>
  <testcase classname="TEST.Test1" name="Demo1" time="0.0">
    <ignored/>
  </testcase> <!-- Demo1 -->
</testsuite> <!-- Personal -->
